<?xml version="1.0" encoding="UTF-8"?>
<!-- Generated by org.testng.reporters.JUnitReportReporter -->
<testsuite hostname="DESKTOP-A1KU3KS" failures="0" tests="1" name="IphoneCart.AddIphone" time="27.609" errors="0" timestamp="2022-11-13T19:54:51 IST" skipped="0">
  <testcase classname="IphoneCart.AddIphone" name="IphoneinCart" time="27.609"/>
  <system-out/>
</testsuite> <!-- IphoneCart.AddIphone -->
