<?xml version="1.0" encoding="UTF-8"?>
<!-- Generated by org.testng.reporters.JUnitReportReporter -->
<testsuite hostname="DESKTOP-A1KU3KS" failures="0" tests="1" name="CartPriceVerify.CartTotal" time="15.908" errors="0" timestamp="2022-11-23T09:46:48 IST" skipped="0">
  <testcase classname="CartPriceVerify.CartTotal" name="Cartprice" time="15.908"/>
  <system-out/>
</testsuite> <!-- CartPriceVerify.CartTotal -->
